<?xml version="1.0" encoding="UTF-8"?>
<testng-results ignored="0" total="1" passed="1" failed="0" skipped="0">
  <reporter-output>
  </reporter-output>
  <suite started-at="2019-11-22T13:12:58Z" name="Suite" finished-at="2019-11-22T13:13:24Z" duration-ms="26150">
    <groups>
    </groups>
    <test started-at="2019-11-22T13:12:58Z" name="Test" finished-at="2019-11-22T13:13:24Z" duration-ms="26150">
      <class name="com.atmecs.testscripts.TestPhpTravels">
        <test-method is-config="true" signature="initializeBrowser()[pri:0, instance:com.atmecs.testscripts.TestPhpTravels@1b45c0e]" started-at="2019-11-22T13:12:58Z" name="initializeBrowser" finished-at="2019-11-22T13:13:05Z" duration-ms="6947" status="PASS">
          <reporter-output>
          </reporter-output>
        </test-method> <!-- initializeBrowser -->
        <test-method is-config="true" signature="launchingUrl()[pri:0, instance:com.atmecs.testscripts.TestPhpTravels@1b45c0e]" started-at="2019-11-22T13:13:05Z" name="launchingUrl" finished-at="2019-11-22T13:13:13Z" duration-ms="8438" status="PASS">
          <reporter-output>
          </reporter-output>
        </test-method> <!-- launchingUrl -->
        <test-method signature="loginHomePage()[pri:0, instance:com.atmecs.testscripts.TestPhpTravels@1b45c0e]" started-at="2019-11-22T13:13:13Z" name="loginHomePage" finished-at="2019-11-22T13:13:23Z" duration-ms="9536" status="PASS">
          <reporter-output>
          </reporter-output>
        </test-method> <!-- loginHomePage -->
        <test-method is-config="true" signature="closeBrowser()[pri:0, instance:com.atmecs.testscripts.TestPhpTravels@1b45c0e]" started-at="2019-11-22T13:13:23Z" name="closeBrowser" finished-at="2019-11-22T13:13:24Z" duration-ms="1184" status="PASS">
          <reporter-output>
          </reporter-output>
        </test-method> <!-- closeBrowser -->
      </class> <!-- com.atmecs.testscripts.TestPhpTravels -->
    </test> <!-- Test -->
  </suite> <!-- Suite -->
  <suite started-at="2019-11-22T13:13:24Z" name="AllSuites" finished-at="2019-11-22T13:13:24Z" duration-ms="0">
    <groups>
    </groups>
  </suite> <!-- AllSuites -->
</testng-results>
